{"level":"info","message":"Entering /getAccounts endpoint","service":"user-service","timestamp":"2024-03-20T02:05:54.627Z"}
{"level":"info","message":"Successfully fetched accounts. Number of accounts fetched: 3","service":"user-service","timestamp":"2024-03-20T02:05:54.633Z"}
{"level":"info","message":"Entering /getAccounts endpoint","service":"user-service","timestamp":"2024-03-20T02:05:58.867Z"}
{"level":"info","message":"Successfully fetched accounts. Number of accounts fetched: 3","service":"user-service","timestamp":"2024-03-20T02:05:58.871Z"}
{"level":"error","message":null,"service":"user-service","timestamp":"2024-03-20T02:06:19.308Z"}
{"level":"info","message":"Passkeys refreshed","service":"user-service","timestamp":"2024-03-20T02:06:19.311Z"}
{"level":"info","message":"Passkeys refreshed","service":"user-service","timestamp":"2024-03-20T02:06:19.312Z"}
{"level":"info","message":"Passkeys refreshed","service":"user-service","timestamp":"2024-03-20T02:06:19.313Z"}
{"level":"error","message":null,"service":"user-service","timestamp":"2024-03-20T02:37:10.088Z"}
{"level":"info","message":"Passkeys refreshed","service":"user-service","timestamp":"2024-03-20T02:37:10.092Z"}
{"level":"info","message":"Passkeys refreshed","service":"user-service","timestamp":"2024-03-20T02:37:10.092Z"}
{"level":"info","message":"Passkeys refreshed","service":"user-service","timestamp":"2024-03-20T02:37:10.093Z"}
{"level":"error","message":null,"service":"user-service","timestamp":"2024-03-20T02:37:40.092Z"}
{"level":"info","message":"Passkeys refreshed","service":"user-service","timestamp":"2024-03-20T02:37:40.094Z"}
{"level":"info","message":"Passkeys refreshed","service":"user-service","timestamp":"2024-03-20T02:37:40.095Z"}
{"level":"info","message":"Passkeys refreshed","service":"user-service","timestamp":"2024-03-20T02:37:40.095Z"}
{"level":"error","message":null,"service":"user-service","timestamp":"2024-03-20T02:38:10.105Z"}
{"level":"info","message":"Passkeys refreshed","service":"user-service","timestamp":"2024-03-20T02:38:10.106Z"}
{"level":"info","message":"Passkeys refreshed","service":"user-service","timestamp":"2024-03-20T02:38:10.107Z"}
{"level":"info","message":"Passkeys refreshed","service":"user-service","timestamp":"2024-03-20T02:38:10.108Z"}
{"level":"error","message":null,"service":"user-service","timestamp":"2024-03-20T02:38:40.110Z"}
{"level":"info","message":"Passkeys refreshed","service":"user-service","timestamp":"2024-03-20T02:38:40.111Z"}
{"level":"info","message":"Passkeys refreshed","service":"user-service","timestamp":"2024-03-20T02:38:40.112Z"}
{"level":"info","message":"Passkeys refreshed","service":"user-service","timestamp":"2024-03-20T02:38:40.112Z"}
{"level":"error","message":null,"service":"user-service","timestamp":"2024-03-20T02:39:10.122Z"}
{"level":"info","message":"Passkeys refreshed","service":"user-service","timestamp":"2024-03-20T02:39:10.124Z"}
{"level":"info","message":"Passkeys refreshed","service":"user-service","timestamp":"2024-03-20T02:39:10.124Z"}
{"level":"info","message":"Passkeys refreshed","service":"user-service","timestamp":"2024-03-20T02:39:10.125Z"}
{"level":"error","message":null,"service":"user-service","timestamp":"2024-03-20T02:39:40.127Z"}
{"level":"info","message":"Passkeys refreshed","service":"user-service","timestamp":"2024-03-20T02:39:40.129Z"}
{"level":"info","message":"Passkeys refreshed","service":"user-service","timestamp":"2024-03-20T02:39:40.129Z"}
{"level":"info","message":"Passkeys refreshed","service":"user-service","timestamp":"2024-03-20T02:39:40.130Z"}
{"level":"info","message":"Entering /getAccounts endpoint","service":"user-service","timestamp":"2024-03-20T02:41:20.435Z"}
{"level":"info","message":"Successfully fetched accounts. Number of accounts fetched: 3","service":"user-service","timestamp":"2024-03-20T02:41:20.441Z"}
{"level":"info","message":"Entering /getAccounts endpoint","service":"user-service","timestamp":"2024-03-20T12:18:35.848Z"}
{"level":"error","message":"Error fetching accounts from database: ER_PARSE_ERROR: You have an error in your SQL syntax; check the manual that corresponds to your MySQL server version for the right syntax to use near 'FROM users' at line 1","service":"user-service","timestamp":"2024-03-20T12:18:35.851Z"}
{"level":"error","message":null,"service":"user-service","timestamp":"2024-03-20T12:19:00.973Z"}
{"level":"info","message":"Passkeys refreshed","service":"user-service","timestamp":"2024-03-20T12:19:00.977Z"}
{"level":"info","message":"Passkeys refreshed","service":"user-service","timestamp":"2024-03-20T12:19:00.977Z"}
{"level":"info","message":"Passkeys refreshed","service":"user-service","timestamp":"2024-03-20T12:19:00.978Z"}
{"level":"info","message":"Entering /getAccounts endpoint","service":"user-service","timestamp":"2024-03-20T12:19:12.128Z"}
{"level":"error","message":"Error fetching accounts from database: ER_PARSE_ERROR: You have an error in your SQL syntax; check the manual that corresponds to your MySQL server version for the right syntax to use near 'FROM users' at line 1","service":"user-service","timestamp":"2024-03-20T12:19:12.131Z"}
{"level":"info","message":"Entering /getAccounts endpoint","service":"user-service","timestamp":"2024-03-20T12:19:52.103Z"}
{"level":"error","message":"Error fetching accounts from database: ER_PARSE_ERROR: You have an error in your SQL syntax; check the manual that corresponds to your MySQL server version for the right syntax to use near 'FROM users' at line 1","service":"user-service","timestamp":"2024-03-20T12:19:52.106Z"}
{"level":"info","message":"Entering /getAccounts endpoint","service":"user-service","timestamp":"2024-03-20T12:20:10.393Z"}
{"level":"info","message":"Successfully fetched accounts. Number of accounts fetched: 3","service":"user-service","timestamp":"2024-03-20T12:20:10.399Z"}
{"level":"info","message":"Entering /getAccounts endpoint","service":"user-service","timestamp":"2024-03-20T12:20:21.772Z"}
{"level":"info","message":"Successfully fetched accounts. Number of accounts fetched: 3","service":"user-service","timestamp":"2024-03-20T12:20:21.774Z"}
{"level":"error","message":null,"service":"user-service","timestamp":"2024-03-20T12:20:39.331Z"}
{"level":"info","message":"Passkeys refreshed","service":"user-service","timestamp":"2024-03-20T12:20:39.332Z"}
{"level":"info","message":"Passkeys refreshed","service":"user-service","timestamp":"2024-03-20T12:20:39.333Z"}
{"level":"info","message":"Passkeys refreshed","service":"user-service","timestamp":"2024-03-20T12:20:39.333Z"}
{"level":"info","message":"Entering /getAccounts endpoint","service":"user-service","timestamp":"2024-03-20T12:20:51.775Z"}
{"level":"info","message":"Successfully fetched accounts. Number of accounts fetched: 3","service":"user-service","timestamp":"2024-03-20T12:20:51.777Z"}
{"level":"error","message":null,"service":"user-service","timestamp":"2024-03-20T12:21:09.341Z"}
{"level":"info","message":"Passkeys refreshed","service":"user-service","timestamp":"2024-03-20T12:21:09.342Z"}
{"level":"info","message":"Passkeys refreshed","service":"user-service","timestamp":"2024-03-20T12:21:09.343Z"}
{"level":"info","message":"Passkeys refreshed","service":"user-service","timestamp":"2024-03-20T12:21:09.343Z"}
{"level":"info","message":"Entering /getAccounts endpoint","service":"user-service","timestamp":"2024-03-20T12:21:21.780Z"}
{"level":"info","message":"Successfully fetched accounts. Number of accounts fetched: 3","service":"user-service","timestamp":"2024-03-20T12:21:21.782Z"}
{"level":"info","message":"Entering /getAccounts endpoint","service":"user-service","timestamp":"2024-03-20T12:21:23.506Z"}
{"level":"info","message":"Successfully fetched accounts. Number of accounts fetched: 3","service":"user-service","timestamp":"2024-03-20T12:21:23.508Z"}
{"level":"error","message":null,"service":"user-service","timestamp":"2024-03-20T12:21:39.354Z"}
{"level":"info","message":"Passkeys refreshed","service":"user-service","timestamp":"2024-03-20T12:21:39.355Z"}
{"level":"info","message":"Passkeys refreshed","service":"user-service","timestamp":"2024-03-20T12:21:39.356Z"}
{"level":"info","message":"Passkeys refreshed","service":"user-service","timestamp":"2024-03-20T12:21:39.357Z"}
{"level":"error","message":null,"service":"user-service","timestamp":"2024-03-20T12:23:25.660Z"}
{"level":"info","message":"Passkeys refreshed","service":"user-service","timestamp":"2024-03-20T12:23:25.666Z"}
{"level":"info","message":"Passkeys refreshed","service":"user-service","timestamp":"2024-03-20T12:23:25.667Z"}
{"level":"info","message":"Passkeys refreshed","service":"user-service","timestamp":"2024-03-20T12:23:25.668Z"}
{"level":"info","message":"Entering /getAccounts endpoint","service":"user-service","timestamp":"2024-03-20T12:23:52.032Z"}
{"level":"info","message":"Successfully fetched accounts. Number of accounts fetched: 3","service":"user-service","timestamp":"2024-03-20T12:23:52.033Z"}
{"level":"error","message":null,"service":"user-service","timestamp":"2024-03-20T12:23:55.661Z"}
{"level":"info","message":"Passkeys refreshed","service":"user-service","timestamp":"2024-03-20T12:23:55.663Z"}
{"level":"info","message":"Passkeys refreshed","service":"user-service","timestamp":"2024-03-20T12:23:55.664Z"}
{"level":"info","message":"Passkeys refreshed","service":"user-service","timestamp":"2024-03-20T12:23:55.664Z"}
{"level":"info","message":"Entering /getAccounts endpoint","service":"user-service","timestamp":"2024-03-20T12:24:22.451Z"}
{"level":"info","message":"Successfully fetched accounts. Number of accounts fetched: 3","service":"user-service","timestamp":"2024-03-20T12:24:22.453Z"}
{"level":"error","message":null,"service":"user-service","timestamp":"2024-03-20T12:24:25.671Z"}
{"level":"info","message":"Passkeys refreshed","service":"user-service","timestamp":"2024-03-20T12:24:25.672Z"}
{"level":"info","message":"Passkeys refreshed","service":"user-service","timestamp":"2024-03-20T12:24:25.673Z"}
{"level":"info","message":"Passkeys refreshed","service":"user-service","timestamp":"2024-03-20T12:24:25.674Z"}
{"level":"info","message":"Entering /getAccounts endpoint","service":"user-service","timestamp":"2024-03-20T12:24:52.038Z"}
{"level":"info","message":"Successfully fetched accounts. Number of accounts fetched: 3","service":"user-service","timestamp":"2024-03-20T12:24:52.040Z"}
{"level":"error","message":null,"service":"user-service","timestamp":"2024-03-20T12:24:55.687Z"}
{"level":"info","message":"Passkeys refreshed","service":"user-service","timestamp":"2024-03-20T12:24:55.688Z"}
{"level":"info","message":"Passkeys refreshed","service":"user-service","timestamp":"2024-03-20T12:24:55.688Z"}
{"level":"info","message":"Passkeys refreshed","service":"user-service","timestamp":"2024-03-20T12:24:55.689Z"}
{"level":"info","message":"Entering /getAccounts endpoint","service":"user-service","timestamp":"2024-03-20T12:25:22.039Z"}
{"level":"info","message":"Successfully fetched accounts. Number of accounts fetched: 3","service":"user-service","timestamp":"2024-03-20T12:25:22.041Z"}
{"level":"error","message":null,"service":"user-service","timestamp":"2024-03-20T12:25:25.697Z"}
{"level":"info","message":"Passkeys refreshed","service":"user-service","timestamp":"2024-03-20T12:25:25.699Z"}
{"level":"info","message":"Passkeys refreshed","service":"user-service","timestamp":"2024-03-20T12:25:25.699Z"}
{"level":"info","message":"Passkeys refreshed","service":"user-service","timestamp":"2024-03-20T12:25:25.700Z"}
{"level":"info","message":"Entering /getAccounts endpoint","service":"user-service","timestamp":"2024-03-20T12:25:52.036Z"}
{"level":"info","message":"Successfully fetched accounts. Number of accounts fetched: 3","service":"user-service","timestamp":"2024-03-20T12:25:52.038Z"}
{"level":"error","message":null,"service":"user-service","timestamp":"2024-03-20T12:25:55.705Z"}
{"level":"info","message":"Passkeys refreshed","service":"user-service","timestamp":"2024-03-20T12:25:55.706Z"}
{"level":"info","message":"Passkeys refreshed","service":"user-service","timestamp":"2024-03-20T12:25:55.707Z"}
{"level":"info","message":"Passkeys refreshed","service":"user-service","timestamp":"2024-03-20T12:25:55.708Z"}
{"level":"info","message":"Entering /getAccounts endpoint","service":"user-service","timestamp":"2024-03-20T12:26:22.038Z"}
{"level":"info","message":"Successfully fetched accounts. Number of accounts fetched: 3","service":"user-service","timestamp":"2024-03-20T12:26:22.040Z"}
{"level":"error","message":null,"service":"user-service","timestamp":"2024-03-20T12:26:25.705Z"}
{"level":"info","message":"Passkeys refreshed","service":"user-service","timestamp":"2024-03-20T12:26:25.707Z"}
{"level":"info","message":"Passkeys refreshed","service":"user-service","timestamp":"2024-03-20T12:26:25.707Z"}
{"level":"info","message":"Passkeys refreshed","service":"user-service","timestamp":"2024-03-20T12:26:25.708Z"}
{"level":"info","message":"Entering /getAccounts endpoint","service":"user-service","timestamp":"2024-03-20T12:26:52.037Z"}
{"level":"info","message":"Successfully fetched accounts. Number of accounts fetched: 3","service":"user-service","timestamp":"2024-03-20T12:26:52.040Z"}
{"level":"error","message":null,"service":"user-service","timestamp":"2024-03-20T12:26:55.718Z"}
{"level":"info","message":"Passkeys refreshed","service":"user-service","timestamp":"2024-03-20T12:26:55.719Z"}
{"level":"info","message":"Passkeys refreshed","service":"user-service","timestamp":"2024-03-20T12:26:55.720Z"}
{"level":"info","message":"Passkeys refreshed","service":"user-service","timestamp":"2024-03-20T12:26:55.720Z"}
{"level":"info","message":"Entering /getAccounts endpoint","service":"user-service","timestamp":"2024-03-20T23:18:48.815Z"}
{"level":"info","message":"Successfully fetched accounts. Number of accounts fetched: 3","service":"user-service","timestamp":"2024-03-20T23:18:48.844Z"}
{"level":"error","message":null,"service":"user-service","timestamp":"2024-03-20T23:19:14.147Z"}
{"level":"info","message":"Passkeys refreshed","service":"user-service","timestamp":"2024-03-20T23:19:14.150Z"}
{"level":"info","message":"Passkeys refreshed","service":"user-service","timestamp":"2024-03-20T23:19:14.151Z"}
{"level":"info","message":"Passkeys refreshed","service":"user-service","timestamp":"2024-03-20T23:19:14.153Z"}
{"level":"info","message":"Entering /getAccounts endpoint","service":"user-service","timestamp":"2024-03-20T23:19:18.817Z"}
{"level":"info","message":"Successfully fetched accounts. Number of accounts fetched: 3","service":"user-service","timestamp":"2024-03-20T23:19:18.821Z"}
{"level":"error","message":null,"service":"user-service","timestamp":"2024-03-20T23:19:44.151Z"}
{"level":"info","message":"Passkeys refreshed","service":"user-service","timestamp":"2024-03-20T23:19:44.153Z"}
{"level":"info","message":"Passkeys refreshed","service":"user-service","timestamp":"2024-03-20T23:19:44.155Z"}
{"level":"info","message":"Passkeys refreshed","service":"user-service","timestamp":"2024-03-20T23:19:44.156Z"}
{"level":"info","message":"Entering /getAccounts endpoint","service":"user-service","timestamp":"2024-03-20T23:19:48.814Z"}
{"level":"info","message":"Successfully fetched accounts. Number of accounts fetched: 3","service":"user-service","timestamp":"2024-03-20T23:19:48.816Z"}
{"level":"error","message":null,"service":"user-service","timestamp":"2024-03-20T23:20:14.153Z"}
{"level":"info","message":"Passkeys refreshed","service":"user-service","timestamp":"2024-03-20T23:20:14.155Z"}
{"level":"info","message":"Passkeys refreshed","service":"user-service","timestamp":"2024-03-20T23:20:14.157Z"}
{"level":"info","message":"Passkeys refreshed","service":"user-service","timestamp":"2024-03-20T23:20:14.158Z"}
{"level":"info","message":"Entering /getAccounts endpoint","service":"user-service","timestamp":"2024-03-20T23:20:19.187Z"}
{"level":"info","message":"Successfully fetched accounts. Number of accounts fetched: 3","service":"user-service","timestamp":"2024-03-20T23:20:19.190Z"}
{"level":"error","message":null,"service":"user-service","timestamp":"2024-03-20T23:20:44.157Z"}
{"level":"info","message":"Passkeys refreshed","service":"user-service","timestamp":"2024-03-20T23:20:44.160Z"}
{"level":"info","message":"Passkeys refreshed","service":"user-service","timestamp":"2024-03-20T23:20:44.161Z"}
{"level":"info","message":"Passkeys refreshed","service":"user-service","timestamp":"2024-03-20T23:20:44.162Z"}
{"level":"info","message":"Entering /getAccounts endpoint","service":"user-service","timestamp":"2024-03-20T23:20:49.179Z"}
{"level":"info","message":"Successfully fetched accounts. Number of accounts fetched: 3","service":"user-service","timestamp":"2024-03-20T23:20:49.182Z"}
{"level":"error","message":null,"service":"user-service","timestamp":"2024-03-20T23:22:12.267Z"}
{"level":"info","message":"Passkeys refreshed","service":"user-service","timestamp":"2024-03-20T23:22:12.274Z"}
{"level":"info","message":"Passkeys refreshed","service":"user-service","timestamp":"2024-03-20T23:22:12.276Z"}
{"level":"info","message":"Passkeys refreshed","service":"user-service","timestamp":"2024-03-20T23:22:12.277Z"}
{"level":"info","message":"Entering /getAccounts endpoint","service":"user-service","timestamp":"2024-03-20T23:22:19.203Z"}
{"level":"info","message":"Successfully fetched accounts. Number of accounts fetched: 3","service":"user-service","timestamp":"2024-03-20T23:22:19.207Z"}
{"level":"error","message":null,"service":"user-service","timestamp":"2024-03-20T23:22:42.270Z"}
{"level":"info","message":"Passkeys refreshed","service":"user-service","timestamp":"2024-03-20T23:22:42.272Z"}
{"level":"info","message":"Passkeys refreshed","service":"user-service","timestamp":"2024-03-20T23:22:42.274Z"}
{"level":"info","message":"Passkeys refreshed","service":"user-service","timestamp":"2024-03-20T23:22:42.275Z"}
{"level":"error","message":null,"service":"user-service","timestamp":"2024-03-20T23:23:12.283Z"}
{"level":"info","message":"Passkeys refreshed","service":"user-service","timestamp":"2024-03-20T23:23:12.286Z"}
{"level":"info","message":"Passkeys refreshed","service":"user-service","timestamp":"2024-03-20T23:23:12.287Z"}
{"level":"info","message":"Passkeys refreshed","service":"user-service","timestamp":"2024-03-20T23:23:12.288Z"}
{"level":"info","message":"Entering /getAccounts endpoint","service":"user-service","timestamp":"2024-03-20T23:23:19.195Z"}
{"level":"info","message":"Successfully fetched accounts. Number of accounts fetched: 3","service":"user-service","timestamp":"2024-03-20T23:23:19.198Z"}
{"level":"error","message":null,"service":"user-service","timestamp":"2024-03-20T23:23:42.284Z"}
{"level":"info","message":"Passkeys refreshed","service":"user-service","timestamp":"2024-03-20T23:23:42.286Z"}
{"level":"info","message":"Passkeys refreshed","service":"user-service","timestamp":"2024-03-20T23:23:42.287Z"}
{"level":"info","message":"Passkeys refreshed","service":"user-service","timestamp":"2024-03-20T23:23:42.288Z"}
{"level":"info","message":"Entering /getAccounts endpoint","service":"user-service","timestamp":"2024-03-20T23:23:50.323Z"}
{"level":"info","message":"Successfully fetched accounts. Number of accounts fetched: 3","service":"user-service","timestamp":"2024-03-20T23:23:50.326Z"}
{"level":"error","message":null,"service":"user-service","timestamp":"2024-03-20T23:24:12.287Z"}
{"level":"info","message":"Passkeys refreshed","service":"user-service","timestamp":"2024-03-20T23:24:12.289Z"}
{"level":"info","message":"Passkeys refreshed","service":"user-service","timestamp":"2024-03-20T23:24:12.290Z"}
{"level":"info","message":"Passkeys refreshed","service":"user-service","timestamp":"2024-03-20T23:24:12.291Z"}
{"level":"info","message":"Entering /getAccounts endpoint","service":"user-service","timestamp":"2024-03-20T23:24:18.816Z"}
{"level":"info","message":"Successfully fetched accounts. Number of accounts fetched: 3","service":"user-service","timestamp":"2024-03-20T23:24:18.819Z"}
{"level":"error","message":null,"service":"user-service","timestamp":"2024-03-20T23:24:42.290Z"}
{"level":"info","message":"Passkeys refreshed","service":"user-service","timestamp":"2024-03-20T23:24:42.292Z"}
{"level":"info","message":"Passkeys refreshed","service":"user-service","timestamp":"2024-03-20T23:24:42.292Z"}
{"level":"info","message":"Passkeys refreshed","service":"user-service","timestamp":"2024-03-20T23:24:42.293Z"}
{"level":"info","message":"Entering /getAccounts endpoint","service":"user-service","timestamp":"2024-03-20T23:24:49.192Z"}
{"level":"info","message":"Successfully fetched accounts. Number of accounts fetched: 3","service":"user-service","timestamp":"2024-03-20T23:24:49.195Z"}
{"level":"info","message":"Entering /getAccounts endpoint","service":"user-service","timestamp":"2024-03-20T23:26:48.832Z"}
{"level":"info","message":"Successfully fetched accounts. Number of accounts fetched: 3","service":"user-service","timestamp":"2024-03-20T23:26:48.842Z"}
{"level":"info","message":"Entering /getAccounts endpoint","service":"user-service","timestamp":"2024-03-20T23:27:05.817Z"}
{"level":"info","message":"Successfully fetched accounts. Number of accounts fetched: 3","service":"user-service","timestamp":"2024-03-20T23:27:05.820Z"}
{"level":"error","message":null,"service":"user-service","timestamp":"2024-03-20T23:27:14.072Z"}
{"level":"info","message":"Passkeys refreshed","service":"user-service","timestamp":"2024-03-20T23:27:14.075Z"}
{"level":"info","message":"Passkeys refreshed","service":"user-service","timestamp":"2024-03-20T23:27:14.077Z"}
{"level":"info","message":"Passkeys refreshed","service":"user-service","timestamp":"2024-03-20T23:27:14.078Z"}
{"level":"info","message":"Entering /getAccounts endpoint","service":"user-service","timestamp":"2024-03-20T23:27:35.818Z"}
{"level":"info","message":"Successfully fetched accounts. Number of accounts fetched: 3","service":"user-service","timestamp":"2024-03-20T23:27:35.822Z"}
{"level":"error","message":null,"service":"user-service","timestamp":"2024-03-20T23:27:44.088Z"}
{"level":"info","message":"Passkeys refreshed","service":"user-service","timestamp":"2024-03-20T23:27:44.091Z"}
{"level":"info","message":"Passkeys refreshed","service":"user-service","timestamp":"2024-03-20T23:27:44.092Z"}
{"level":"info","message":"Passkeys refreshed","service":"user-service","timestamp":"2024-03-20T23:27:44.093Z"}
{"level":"error","message":null,"service":"user-service","timestamp":"2024-03-20T23:28:14.102Z"}
{"level":"info","message":"Passkeys refreshed","service":"user-service","timestamp":"2024-03-20T23:28:14.105Z"}
{"level":"info","message":"Passkeys refreshed","service":"user-service","timestamp":"2024-03-20T23:28:14.106Z"}
{"level":"info","message":"Passkeys refreshed","service":"user-service","timestamp":"2024-03-20T23:28:14.106Z"}
{"level":"info","message":"Entering /getAccounts endpoint","service":"user-service","timestamp":"2024-03-21T00:38:12.165Z"}
{"level":"info","message":"Successfully fetched accounts. Number of accounts fetched: 3","service":"user-service","timestamp":"2024-03-21T00:38:12.175Z"}
{"level":"error","message":null,"service":"user-service","timestamp":"2024-03-21T00:38:39.835Z"}
{"level":"info","message":"Passkeys refreshed","service":"user-service","timestamp":"2024-03-21T00:38:39.838Z"}
{"level":"info","message":"Passkeys refreshed","service":"user-service","timestamp":"2024-03-21T00:38:39.839Z"}
{"level":"info","message":"Passkeys refreshed","service":"user-service","timestamp":"2024-03-21T00:38:39.840Z"}
{"level":"info","message":"Entering /getAccounts endpoint","service":"user-service","timestamp":"2024-03-21T00:38:42.311Z"}
{"level":"info","message":"Successfully fetched accounts. Number of accounts fetched: 3","service":"user-service","timestamp":"2024-03-21T00:38:42.314Z"}
{"level":"info","message":"Entering /getAccounts endpoint","service":"user-service","timestamp":"2024-03-21T00:38:48.719Z"}
{"level":"info","message":"Successfully fetched accounts. Number of accounts fetched: 3","service":"user-service","timestamp":"2024-03-21T00:38:48.731Z"}
{"level":"error","message":null,"service":"user-service","timestamp":"2024-03-21T00:39:16.319Z"}
{"level":"info","message":"Passkeys refreshed","service":"user-service","timestamp":"2024-03-21T00:39:16.322Z"}
{"level":"info","message":"Passkeys refreshed","service":"user-service","timestamp":"2024-03-21T00:39:16.323Z"}
{"level":"info","message":"Passkeys refreshed","service":"user-service","timestamp":"2024-03-21T00:39:16.324Z"}
{"level":"info","message":"Entering /getAccounts endpoint","service":"user-service","timestamp":"2024-03-21T00:39:18.717Z"}
{"level":"info","message":"Successfully fetched accounts. Number of accounts fetched: 3","service":"user-service","timestamp":"2024-03-21T00:39:18.721Z"}
{"level":"error","message":null,"service":"user-service","timestamp":"2024-03-21T00:39:46.330Z"}
{"level":"info","message":"Passkeys refreshed","service":"user-service","timestamp":"2024-03-21T00:39:46.333Z"}
{"level":"info","message":"Passkeys refreshed","service":"user-service","timestamp":"2024-03-21T00:39:46.334Z"}
{"level":"info","message":"Passkeys refreshed","service":"user-service","timestamp":"2024-03-21T00:39:46.336Z"}
{"level":"info","message":"Entering /getAccounts endpoint","service":"user-service","timestamp":"2024-03-21T00:39:49.181Z"}
{"level":"info","message":"Successfully fetched accounts. Number of accounts fetched: 3","service":"user-service","timestamp":"2024-03-21T00:39:49.184Z"}
{"level":"error","message":null,"service":"user-service","timestamp":"2024-03-21T00:40:16.336Z"}
{"level":"info","message":"Passkeys refreshed","service":"user-service","timestamp":"2024-03-21T00:40:16.339Z"}
{"level":"info","message":"Passkeys refreshed","service":"user-service","timestamp":"2024-03-21T00:40:16.340Z"}
{"level":"info","message":"Passkeys refreshed","service":"user-service","timestamp":"2024-03-21T00:40:16.341Z"}
{"level":"info","message":"Entering /getAccounts endpoint","service":"user-service","timestamp":"2024-03-21T00:40:19.181Z"}
{"level":"info","message":"Successfully fetched accounts. Number of accounts fetched: 3","service":"user-service","timestamp":"2024-03-21T00:40:19.184Z"}
{"level":"error","message":null,"service":"user-service","timestamp":"2024-03-21T00:40:46.347Z"}
{"level":"info","message":"Passkeys refreshed","service":"user-service","timestamp":"2024-03-21T00:40:46.349Z"}
{"level":"info","message":"Passkeys refreshed","service":"user-service","timestamp":"2024-03-21T00:40:46.350Z"}
{"level":"info","message":"Passkeys refreshed","service":"user-service","timestamp":"2024-03-21T00:40:46.351Z"}
{"level":"info","message":"Entering /getAccounts endpoint","service":"user-service","timestamp":"2024-03-21T00:40:49.194Z"}
{"level":"info","message":"Successfully fetched accounts. Number of accounts fetched: 3","service":"user-service","timestamp":"2024-03-21T00:40:49.198Z"}
{"level":"error","message":null,"service":"user-service","timestamp":"2024-03-21T00:41:16.354Z"}
{"level":"info","message":"Passkeys refreshed","service":"user-service","timestamp":"2024-03-21T00:41:16.356Z"}
{"level":"info","message":"Passkeys refreshed","service":"user-service","timestamp":"2024-03-21T00:41:16.357Z"}
{"level":"info","message":"Passkeys refreshed","service":"user-service","timestamp":"2024-03-21T00:41:16.357Z"}
{"level":"info","message":"Entering /getAccounts endpoint","service":"user-service","timestamp":"2024-03-21T00:41:19.186Z"}
{"level":"info","message":"Successfully fetched accounts. Number of accounts fetched: 3","service":"user-service","timestamp":"2024-03-21T00:41:19.189Z"}
{"level":"error","message":null,"service":"user-service","timestamp":"2024-03-21T00:41:46.357Z"}
{"level":"info","message":"Passkeys refreshed","service":"user-service","timestamp":"2024-03-21T00:41:46.359Z"}
{"level":"info","message":"Passkeys refreshed","service":"user-service","timestamp":"2024-03-21T00:41:46.360Z"}
{"level":"info","message":"Passkeys refreshed","service":"user-service","timestamp":"2024-03-21T00:41:46.361Z"}
{"level":"error","message":null,"service":"user-service","timestamp":"2024-03-21T00:42:16.363Z"}
{"level":"info","message":"Passkeys refreshed","service":"user-service","timestamp":"2024-03-21T00:42:16.365Z"}
{"level":"info","message":"Passkeys refreshed","service":"user-service","timestamp":"2024-03-21T00:42:16.366Z"}
{"level":"info","message":"Passkeys refreshed","service":"user-service","timestamp":"2024-03-21T00:42:16.367Z"}
{"level":"info","message":"Entering /getAccounts endpoint","service":"user-service","timestamp":"2024-03-21T00:42:19.180Z"}
{"level":"info","message":"Successfully fetched accounts. Number of accounts fetched: 3","service":"user-service","timestamp":"2024-03-21T00:42:19.183Z"}
{"level":"error","message":null,"service":"user-service","timestamp":"2024-03-21T00:42:46.374Z"}
{"level":"info","message":"Passkeys refreshed","service":"user-service","timestamp":"2024-03-21T00:42:46.377Z"}
{"level":"info","message":"Passkeys refreshed","service":"user-service","timestamp":"2024-03-21T00:42:46.378Z"}
{"level":"info","message":"Passkeys refreshed","service":"user-service","timestamp":"2024-03-21T00:42:46.380Z"}
{"level":"info","message":"Entering /getAccounts endpoint","service":"user-service","timestamp":"2024-03-21T00:43:03.047Z"}
{"level":"info","message":"Successfully fetched accounts. Number of accounts fetched: 3","service":"user-service","timestamp":"2024-03-21T00:43:03.057Z"}
{"level":"info","message":"Entering /getAccounts endpoint","service":"user-service","timestamp":"2024-03-21T00:43:04.837Z"}
{"level":"info","message":"Successfully fetched accounts. Number of accounts fetched: 3","service":"user-service","timestamp":"2024-03-21T00:43:04.840Z"}
{"level":"error","message":null,"service":"user-service","timestamp":"2024-03-21T00:43:30.977Z"}
{"level":"info","message":"Passkeys refreshed","service":"user-service","timestamp":"2024-03-21T00:43:30.979Z"}
{"level":"info","message":"Passkeys refreshed","service":"user-service","timestamp":"2024-03-21T00:43:30.981Z"}
{"level":"info","message":"Passkeys refreshed","service":"user-service","timestamp":"2024-03-21T00:43:30.983Z"}
{"level":"info","message":"Entering /getAccounts endpoint","service":"user-service","timestamp":"2024-03-21T00:43:34.842Z"}
{"level":"info","message":"Successfully fetched accounts. Number of accounts fetched: 3","service":"user-service","timestamp":"2024-03-21T00:43:34.845Z"}
{"level":"info","message":"Entering /getAccounts endpoint","service":"user-service","timestamp":"2024-03-21T00:48:59.110Z"}
{"level":"info","message":"Successfully fetched accounts. Number of accounts fetched: 3","service":"user-service","timestamp":"2024-03-21T00:48:59.121Z"}
{"level":"error","message":null,"service":"user-service","timestamp":"2024-03-21T00:49:27.191Z"}
{"level":"info","message":"Passkeys refreshed","service":"user-service","timestamp":"2024-03-21T00:49:27.193Z"}
{"level":"info","message":"Passkeys refreshed","service":"user-service","timestamp":"2024-03-21T00:49:27.195Z"}
{"level":"info","message":"Passkeys refreshed","service":"user-service","timestamp":"2024-03-21T00:49:27.196Z"}
{"level":"info","message":"Entering /getAccounts endpoint","service":"user-service","timestamp":"2024-03-21T00:49:29.117Z"}
{"level":"info","message":"Successfully fetched accounts. Number of accounts fetched: 3","service":"user-service","timestamp":"2024-03-21T00:49:29.120Z"}
{"level":"error","message":null,"service":"user-service","timestamp":"2024-03-21T00:49:57.199Z"}
{"level":"info","message":"Passkeys refreshed","service":"user-service","timestamp":"2024-03-21T00:49:57.201Z"}
{"level":"info","message":"Passkeys refreshed","service":"user-service","timestamp":"2024-03-21T00:49:57.202Z"}
{"level":"info","message":"Passkeys refreshed","service":"user-service","timestamp":"2024-03-21T00:49:57.203Z"}
{"level":"info","message":"Entering /getAccounts endpoint","service":"user-service","timestamp":"2024-03-21T01:03:51.861Z"}
{"level":"info","message":"Successfully fetched accounts. Number of accounts fetched: 3","service":"user-service","timestamp":"2024-03-21T01:03:51.870Z"}
{"level":"error","message":null,"service":"user-service","timestamp":"2024-03-21T01:04:19.288Z"}
{"level":"info","message":"Passkeys refreshed","service":"user-service","timestamp":"2024-03-21T01:04:19.289Z"}
{"level":"info","message":"Passkeys refreshed","service":"user-service","timestamp":"2024-03-21T01:04:19.290Z"}
{"level":"info","message":"Passkeys refreshed","service":"user-service","timestamp":"2024-03-21T01:04:19.291Z"}
{"level":"info","message":"Entering /getAccounts endpoint","service":"user-service","timestamp":"2024-03-21T01:23:26.155Z"}
{"level":"info","message":"Successfully fetched accounts. Number of accounts fetched: 3","service":"user-service","timestamp":"2024-03-21T01:23:26.161Z"}
{"level":"error","message":null,"service":"user-service","timestamp":"2024-03-21T01:23:53.847Z"}
{"level":"info","message":"Passkeys refreshed","service":"user-service","timestamp":"2024-03-21T01:23:53.849Z"}
{"level":"info","message":"Passkeys refreshed","service":"user-service","timestamp":"2024-03-21T01:23:53.850Z"}
{"level":"info","message":"Passkeys refreshed","service":"user-service","timestamp":"2024-03-21T01:23:53.851Z"}
{"level":"info","message":"Entering /getAccounts endpoint","service":"user-service","timestamp":"2024-03-21T01:23:56.160Z"}
{"level":"info","message":"Successfully fetched accounts. Number of accounts fetched: 3","service":"user-service","timestamp":"2024-03-21T01:23:56.162Z"}
{"level":"error","message":null,"service":"user-service","timestamp":"2024-03-21T01:24:23.847Z"}
{"level":"info","message":"Passkeys refreshed","service":"user-service","timestamp":"2024-03-21T01:24:23.849Z"}
{"level":"info","message":"Passkeys refreshed","service":"user-service","timestamp":"2024-03-21T01:24:23.850Z"}
{"level":"info","message":"Passkeys refreshed","service":"user-service","timestamp":"2024-03-21T01:24:23.850Z"}
{"level":"info","message":"Entering /getAccounts endpoint","service":"user-service","timestamp":"2024-03-21T01:24:26.160Z"}
{"level":"info","message":"Successfully fetched accounts. Number of accounts fetched: 3","service":"user-service","timestamp":"2024-03-21T01:24:26.161Z"}
{"level":"error","message":null,"service":"user-service","timestamp":"2024-03-21T01:24:53.853Z"}
{"level":"info","message":"Passkeys refreshed","service":"user-service","timestamp":"2024-03-21T01:24:53.854Z"}
{"level":"info","message":"Passkeys refreshed","service":"user-service","timestamp":"2024-03-21T01:24:53.855Z"}
{"level":"info","message":"Passkeys refreshed","service":"user-service","timestamp":"2024-03-21T01:24:53.855Z"}
{"level":"info","message":"Entering /getAccounts endpoint","service":"user-service","timestamp":"2024-03-21T01:24:57.096Z"}
{"level":"info","message":"Successfully fetched accounts. Number of accounts fetched: 3","service":"user-service","timestamp":"2024-03-21T01:24:57.098Z"}
{"level":"info","message":"Entering /getAccounts endpoint","service":"user-service","timestamp":"2024-03-21T01:25:11.209Z"}
{"level":"info","message":"Successfully fetched accounts. Number of accounts fetched: 3","service":"user-service","timestamp":"2024-03-21T01:25:11.214Z"}
{"level":"error","message":null,"service":"user-service","timestamp":"2024-03-21T01:25:38.449Z"}
{"level":"info","message":"Passkeys refreshed","service":"user-service","timestamp":"2024-03-21T01:25:38.451Z"}
{"level":"info","message":"Passkeys refreshed","service":"user-service","timestamp":"2024-03-21T01:25:38.452Z"}
{"level":"info","message":"Passkeys refreshed","service":"user-service","timestamp":"2024-03-21T01:25:38.453Z"}
{"level":"info","message":"Entering /getAccounts endpoint","service":"user-service","timestamp":"2024-03-21T01:25:42.090Z"}
{"level":"info","message":"Successfully fetched accounts. Number of accounts fetched: 3","service":"user-service","timestamp":"2024-03-21T01:25:42.092Z"}
{"level":"info","message":"Entering /getAccounts endpoint","service":"user-service","timestamp":"2024-03-21T01:26:37.249Z"}
{"level":"info","message":"Successfully fetched accounts. Number of accounts fetched: 3","service":"user-service","timestamp":"2024-03-21T01:26:37.254Z"}
{"level":"info","message":"Entering /getAccounts endpoint","service":"user-service","timestamp":"2024-03-21T01:26:42.083Z"}
{"level":"info","message":"Successfully fetched accounts. Number of accounts fetched: 3","service":"user-service","timestamp":"2024-03-21T01:26:42.084Z"}
{"level":"info","message":"Entering /getAccounts endpoint","service":"user-service","timestamp":"2024-03-21T01:27:02.757Z"}
{"level":"info","message":"Successfully fetched accounts. Number of accounts fetched: 3","service":"user-service","timestamp":"2024-03-21T01:27:02.759Z"}
{"level":"error","message":null,"service":"user-service","timestamp":"2024-03-21T01:27:05.827Z"}
{"level":"info","message":"Passkeys refreshed","service":"user-service","timestamp":"2024-03-21T01:27:05.829Z"}
{"level":"info","message":"Passkeys refreshed","service":"user-service","timestamp":"2024-03-21T01:27:05.830Z"}
{"level":"info","message":"Passkeys refreshed","service":"user-service","timestamp":"2024-03-21T01:27:05.830Z"}
{"level":"info","message":"Entering /getAccounts endpoint","service":"user-service","timestamp":"2024-03-21T01:35:09.351Z"}
{"level":"info","message":"Successfully fetched accounts. Number of accounts fetched: 3","service":"user-service","timestamp":"2024-03-21T01:35:09.357Z"}
{"level":"error","message":null,"service":"user-service","timestamp":"2024-03-21T01:35:37.933Z"}
{"level":"info","message":"Passkeys refreshed","service":"user-service","timestamp":"2024-03-21T01:35:37.935Z"}
{"level":"info","message":"Passkeys refreshed","service":"user-service","timestamp":"2024-03-21T01:35:37.935Z"}
{"level":"info","message":"Passkeys refreshed","service":"user-service","timestamp":"2024-03-21T01:35:37.936Z"}
{"level":"info","message":"Entering /getAccounts endpoint","service":"user-service","timestamp":"2024-03-21T01:35:39.354Z"}
{"level":"info","message":"Successfully fetched accounts. Number of accounts fetched: 3","service":"user-service","timestamp":"2024-03-21T01:35:39.356Z"}
{"level":"info","message":"Entering /getAccounts endpoint","service":"user-service","timestamp":"2024-03-21T01:38:58.135Z"}
{"level":"info","message":"Successfully fetched accounts. Number of accounts fetched: 3","service":"user-service","timestamp":"2024-03-21T01:38:58.141Z"}
{"level":"error","message":null,"service":"user-service","timestamp":"2024-03-21T01:39:26.752Z"}
{"level":"info","message":"Passkeys refreshed","service":"user-service","timestamp":"2024-03-21T01:39:26.754Z"}
{"level":"info","message":"Passkeys refreshed","service":"user-service","timestamp":"2024-03-21T01:39:26.755Z"}
{"level":"info","message":"Passkeys refreshed","service":"user-service","timestamp":"2024-03-21T01:39:26.756Z"}
{"level":"info","message":"Entering /getAccounts endpoint","service":"user-service","timestamp":"2024-03-21T01:39:28.134Z"}
{"level":"info","message":"Successfully fetched accounts. Number of accounts fetched: 3","service":"user-service","timestamp":"2024-03-21T01:39:28.136Z"}
{"level":"error","message":null,"service":"user-service","timestamp":"2024-03-21T01:39:56.753Z"}
{"level":"info","message":"Passkeys refreshed","service":"user-service","timestamp":"2024-03-21T01:39:56.754Z"}
{"level":"info","message":"Passkeys refreshed","service":"user-service","timestamp":"2024-03-21T01:39:56.755Z"}
{"level":"info","message":"Passkeys refreshed","service":"user-service","timestamp":"2024-03-21T01:39:56.756Z"}
{"level":"info","message":"Entering /getAccounts endpoint","service":"user-service","timestamp":"2024-03-21T01:39:58.134Z"}
{"level":"info","message":"Successfully fetched accounts. Number of accounts fetched: 3","service":"user-service","timestamp":"2024-03-21T01:39:58.136Z"}
{"level":"info","message":"Entering /getAccounts endpoint","service":"user-service","timestamp":"2024-03-21T15:25:50.047Z"}
{"level":"info","message":"Successfully fetched accounts. Number of accounts fetched: 3","service":"user-service","timestamp":"2024-03-21T15:25:50.052Z"}
{"level":"error","message":null,"service":"user-service","timestamp":"2024-03-21T15:26:11.369Z"}
{"level":"info","message":"Passkeys refreshed","service":"user-service","timestamp":"2024-03-21T15:26:11.370Z"}
{"level":"info","message":"Passkeys refreshed","service":"user-service","timestamp":"2024-03-21T15:26:11.371Z"}
{"level":"info","message":"Passkeys refreshed","service":"user-service","timestamp":"2024-03-21T15:26:11.371Z"}
{"level":"info","message":"Entering /getAccounts endpoint","service":"user-service","timestamp":"2024-03-21T15:26:20.050Z"}
{"level":"info","message":"Successfully fetched accounts. Number of accounts fetched: 3","service":"user-service","timestamp":"2024-03-21T15:26:20.052Z"}
{"level":"error","message":null,"service":"user-service","timestamp":"2024-03-21T15:26:41.378Z"}
{"level":"info","message":"Passkeys refreshed","service":"user-service","timestamp":"2024-03-21T15:26:41.379Z"}
{"level":"info","message":"Passkeys refreshed","service":"user-service","timestamp":"2024-03-21T15:26:41.380Z"}
{"level":"info","message":"Passkeys refreshed","service":"user-service","timestamp":"2024-03-21T15:26:41.380Z"}
{"level":"info","message":"Entering /getAccounts endpoint","service":"user-service","timestamp":"2024-03-21T15:26:50.052Z"}
{"level":"info","message":"Successfully fetched accounts. Number of accounts fetched: 3","service":"user-service","timestamp":"2024-03-21T15:26:50.054Z"}
{"level":"error","message":null,"service":"user-service","timestamp":"2024-03-21T15:27:11.391Z"}
{"level":"info","message":"Passkeys refreshed","service":"user-service","timestamp":"2024-03-21T15:27:11.392Z"}
{"level":"info","message":"Passkeys refreshed","service":"user-service","timestamp":"2024-03-21T15:27:11.392Z"}
{"level":"info","message":"Passkeys refreshed","service":"user-service","timestamp":"2024-03-21T15:27:11.393Z"}
{"level":"info","message":"Entering /getAccounts endpoint","service":"user-service","timestamp":"2024-03-21T15:27:20.050Z"}
{"level":"info","message":"Successfully fetched accounts. Number of accounts fetched: 3","service":"user-service","timestamp":"2024-03-21T15:27:20.051Z"}
{"level":"error","message":null,"service":"user-service","timestamp":"2024-03-21T15:27:41.389Z"}
{"level":"info","message":"Passkeys refreshed","service":"user-service","timestamp":"2024-03-21T15:27:41.391Z"}
{"level":"info","message":"Passkeys refreshed","service":"user-service","timestamp":"2024-03-21T15:27:41.391Z"}
{"level":"info","message":"Passkeys refreshed","service":"user-service","timestamp":"2024-03-21T15:27:41.391Z"}
{"level":"info","message":"Entering /getAccounts endpoint","service":"user-service","timestamp":"2024-03-21T15:27:50.053Z"}
{"level":"info","message":"Successfully fetched accounts. Number of accounts fetched: 3","service":"user-service","timestamp":"2024-03-21T15:27:50.055Z"}
{"level":"info","message":"Entering /getAccounts endpoint","service":"user-service","timestamp":"2024-03-21T15:28:12.741Z"}
{"level":"info","message":"Successfully fetched accounts. Number of accounts fetched: 3","service":"user-service","timestamp":"2024-03-21T15:28:12.750Z"}
{"level":"info","message":"Entering /getAccounts endpoint","service":"user-service","timestamp":"2024-03-21T15:28:27.282Z"}
{"level":"info","message":"Successfully fetched accounts. Number of accounts fetched: 3","service":"user-service","timestamp":"2024-03-21T15:28:27.284Z"}
